<?xml version="1.0" encoding="UTF-8"?>
<!-- Generated by org.testng.reporters.JUnitXMLReporter -->
<testsuite hostname="Timothy" ignored="0" name="Test1" tests="2" failures="1" timestamp="13 Jul 2017 17:01:23 GMT" time="0.047" errors="0">
  <testcase name="TestNGTest1" time="0.0" classname="com.sdettraining.Introduction.TestNGTest">
    <failure type="java.lang.AssertionError" message="expected [SDET Trainin] but found [SDET Training]">
      <![CDATA[java.lang.AssertionError: expected [SDET Trainin] but found [SDET Training]
	at com.sdettraining.Introduction.TestNGTest.TestNGTest1(TestNGTest.java:28)
... Removed 31 stack frames]]>
    </failure>
  </testcase> <!-- TestNGTest1 -->
  <testcase name="TestNGTest2" time="0.0" classname="com.sdettraining.Introduction.TestNGTest"/>
</testsuite> <!-- Test1 -->
