<?xml version="1.0" encoding="UTF-8"?>
<!-- Generated by org.testng.reporters.JUnitXMLReporter -->
<testsuite hostname="Timothy" ignored="0" name="Test" tests="3" failures="0" timestamp="08 Jul 2017 02:12:40 GMT" time="0.053" errors="0">
  <testcase name="f" time="0.007" classname="com.sdettraining.Introduction.TestNGAnotherTest"/>
  <testcase name="TestNGTest1" time="0.002" classname="com.sdettraining.Introduction.TestNGTest"/>
  <testcase name="TestNGTest2" time="0.001" classname="com.sdettraining.Introduction.TestNGTest"/>
</testsuite> <!-- Test -->
